TN:
SF:src\validation.js
FN:1,validateContractData
FN:24,validateFinancialField
FN:28,validateEmail
FN:33,validatePhone
FNF:4
FNH:3
FNDA:2,validateContractData
FNDA:0,validateFinancialField
FNDA:2,validateEmail
FNDA:2,validatePhone
DA:2,2
DA:3,2
DA:4,1
DA:6,2
DA:7,0
DA:9,2
DA:10,0
DA:12,2
DA:13,0
DA:15,2
DA:16,0
DA:18,2
DA:19,1
DA:21,2
DA:25,0
DA:29,2
DA:30,2
DA:34,2
DA:35,2
LF:19
LH:14
BRDA:3,0,0,1
BRDA:3,0,1,1
BRDA:3,1,0,2
BRDA:3,1,1,1
BRDA:6,2,0,0
BRDA:6,2,1,2
BRDA:6,3,0,2
BRDA:6,3,1,2
BRDA:9,4,0,0
BRDA:9,4,1,2
BRDA:12,5,0,0
BRDA:12,5,1,2
BRDA:15,6,0,0
BRDA:15,6,1,2
BRDA:15,7,0,2
BRDA:15,7,1,2
BRDA:15,7,2,2
BRDA:18,8,0,1
BRDA:18,8,1,1
BRDA:18,9,0,2
BRDA:18,9,1,1
BRDA:25,10,0,0
BRDA:25,10,1,0
BRF:23
BRH:17
end_of_record
